{"orderData":{"customer_id":14,"total_amount":2718,"invoice_no":"INV-1736401782278","qty":2,"products_ordered":[{"productId":"66","quantity":2,"color":"Black","size":"XXL"}]},"paymentDetails":{"razorpay_payment_id":"pay_PhEeSWk3nMKPMC","razorpay_order_id":"order_PhEeNPoXxf9mmv","razorpay_signature":"2d930a2e07889ec6bbb404d86b8f26ae54be83e8026b2ec64f34c04a5a213b97","order_id":"order_PhEeNPoXxf9mmv"}}
{"orderData":{"customer_id":14,"total_amount":2718,"invoice_no":"INV-1736402038465","qty":2,"products_ordered":[{"productId":"66","quantity":2,"color":"Black","size":"XXL"}]},"paymentDetails":{"razorpay_payment_id":"pay_PhEix5iomudsTQ","razorpay_order_id":"order_PhEit0RpqUbWxL","razorpay_signature":"e0c07726b942e8d8eb9e11b8afeae70bde07b3d5aa3f9b9a74dd5cabf0ada78b","order_id":"order_PhEit0RpqUbWxL"}}
Order Data: Array
(
    [customer_id] => 14
    [total_amount] => 2718
    [invoice_no] => INV-1736403113015
    [qty] => 2
    [products_ordered] => Array
        (
            [0] => Array
                (
                    [productId] => 66
                    [quantity] => 2
                    [color] => Black
                    [size] => XXL
                )

        )

)

Payment Details: Array
(
    [razorpay_payment_id] => pay_PhF1t6DfMj0LIX
    [razorpay_order_id] => order_PhF1ny9wU1DrYP
    [razorpay_signature] => a5fe3f502ead83973316f13d36622244c0c5412de3b935625bc9221682022212
    [order_id] => order_PhF1ny9wU1DrYP
)

Order Data: Array
(
    [customer_id] => 14
    [total_amount] => 2718
    [invoice_no] => INV-1736403407344
    [qty] => 2
    [products_ordered] => Array
        (
            [0] => Array
                (
                    [productId] => 66
                    [quantity] => 2
                    [color] => Black
                    [size] => XXL
                )

        )

)

Payment Details: Array
(
    [razorpay_payment_id] => pay_PhF73tpMMzDUDw
    [razorpay_order_id] => order_PhF6zHrRZcAdrF
    [razorpay_signature] => 7d8554c61e96e867aa7a83cfacb4ce1472a233db1987601f35731d444f689d06
    [order_id] => order_PhF6zHrRZcAdrF
)

Order Data: Array
(
    [customer_id] => 14
    [total_amount] => 2718
    [invoice_no] => INV-1736403784544
    [qty] => 2
    [products_ordered] => Array
        (
            [0] => Array
                (
                    [productId] => 66
                    [quantity] => 2
                    [color] => Black
                    [size] => XXL
                )

        )

)

Payment Details: Array
(
    [razorpay_payment_id] => pay_PhFDj6NCnzdTUt
    [razorpay_order_id] => order_PhFDdkBPOZVMxF
    [razorpay_signature] => 7e243920c9109caaf1b559d8ca7e79e7c38d81819c72eedfba6828581883eb55
    [order_id] => order_PhFDdkBPOZVMxF
)

